2025-10-09 20:46:16 - INFO - [call_llm.py:51 - call_llm()] - Attempting primary LLM call...
2025-10-09 20:46:16 - ERROR - [call_llm.py:194 - _call_llm_with_config()] - Error in _call_llm_with_config: 'data_analysis_prompt.jinja' not found in search path: 'D:\\projects\\PulseBoard\\backend\\ai_agents\\src\\pipelines\\..\\..\\..\\ai_agents\\prompts' (took 0.0010 seconds)
Traceback (most recent call last):
  File "D:\projects\PulseBoard\backend\ai_agents\src\pipelines\../../..\helpers\llm\call_llm.py", line 167, in _call_llm_with_config
    formatted_prompt = llm.get_prompt_template(
                       ^^^^^^^^^^^^^^^^^^^^^^^^
  File "D:\projects\PulseBoard\backend\ai_agents\src\pipelines\../../..\helpers\llm\llm_classes.py", line 83, in get_prompt_template
    user_tmpl = self.jinja_env.get_template(user_template)
                ^^^^^^^^^^^^^^^^^^^^^^^^^^^^^^^^^^^^^^^^^^
  File "C:\Users\AKHILESH\AppData\Local\Programs\Python\Python312\Lib\site-packages\jinja2\environment.py", line 1016, in get_template
    return self._load_template(name, globals)
           ^^^^^^^^^^^^^^^^^^^^^^^^^^^^^^^^^^
  File "C:\Users\AKHILESH\AppData\Local\Programs\Python\Python312\Lib\site-packages\jinja2\environment.py", line 975, in _load_template
    template = self.loader.load(self, name, self.make_globals(globals))
               ^^^^^^^^^^^^^^^^^^^^^^^^^^^^^^^^^^^^^^^^^^^^^^^^^^^^^^^^
  File "C:\Users\AKHILESH\AppData\Local\Programs\Python\Python312\Lib\site-packages\jinja2\loaders.py", line 126, in load
    source, filename, uptodate = self.get_source(environment, name)
                                 ^^^^^^^^^^^^^^^^^^^^^^^^^^^^^^^^^^
  File "C:\Users\AKHILESH\AppData\Local\Programs\Python\Python312\Lib\site-packages\jinja2\loaders.py", line 209, in get_source
    raise TemplateNotFound(
jinja2.exceptions.TemplateNotFound: 'data_analysis_prompt.jinja' not found in search path: 'D:\\projects\\PulseBoard\\backend\\ai_agents\\src\\pipelines\\..\\..\\..\\ai_agents\\prompts'
2025-10-09 20:46:16 - WARNING - [call_llm.py:68 - call_llm()] - ❌ Primary LLM failed: 'data_analysis_prompt.jinja' not found in search path: 'D:\\projects\\PulseBoard\\backend\\ai_agents\\src\\pipelines\\..\\..\\..\\ai_agents\\prompts'
2025-10-09 20:46:16 - INFO - [call_llm.py:76 - call_llm()] - Attempting fallback LLM call...
2025-10-09 20:46:17 - ERROR - [call_llm.py:194 - _call_llm_with_config()] - Error in _call_llm_with_config: 'data_analysis_prompt.jinja' not found in search path: 'D:\\projects\\PulseBoard\\backend\\ai_agents\\src\\pipelines\\..\\..\\..\\ai_agents\\prompts' (took 0.5841 seconds)
Traceback (most recent call last):
  File "D:\projects\PulseBoard\backend\ai_agents\src\pipelines\../../..\helpers\llm\call_llm.py", line 52, in call_llm
    response = _call_llm_with_config(
               ^^^^^^^^^^^^^^^^^^^^^^
  File "D:\projects\PulseBoard\backend\ai_agents\src\pipelines\../../..\helpers\llm\call_llm.py", line 167, in _call_llm_with_config
    formatted_prompt = llm.get_prompt_template(
                       ^^^^^^^^^^^^^^^^^^^^^^^^
  File "D:\projects\PulseBoard\backend\ai_agents\src\pipelines\../../..\helpers\llm\llm_classes.py", line 83, in get_prompt_template
    user_tmpl = self.jinja_env.get_template(user_template)
                ^^^^^^^^^^^^^^^^^^^^^^^^^^^^^^^^^^^^^^^^^^
  File "C:\Users\AKHILESH\AppData\Local\Programs\Python\Python312\Lib\site-packages\jinja2\environment.py", line 1016, in get_template
    return self._load_template(name, globals)
           ^^^^^^^^^^^^^^^^^^^^^^^^^^^^^^^^^^
  File "C:\Users\AKHILESH\AppData\Local\Programs\Python\Python312\Lib\site-packages\jinja2\environment.py", line 975, in _load_template
    template = self.loader.load(self, name, self.make_globals(globals))
               ^^^^^^^^^^^^^^^^^^^^^^^^^^^^^^^^^^^^^^^^^^^^^^^^^^^^^^^^
  File "C:\Users\AKHILESH\AppData\Local\Programs\Python\Python312\Lib\site-packages\jinja2\loaders.py", line 126, in load
    source, filename, uptodate = self.get_source(environment, name)
                                 ^^^^^^^^^^^^^^^^^^^^^^^^^^^^^^^^^^
  File "C:\Users\AKHILESH\AppData\Local\Programs\Python\Python312\Lib\site-packages\jinja2\loaders.py", line 209, in get_source
    raise TemplateNotFound(
jinja2.exceptions.TemplateNotFound: 'data_analysis_prompt.jinja' not found in search path: 'D:\\projects\\PulseBoard\\backend\\ai_agents\\src\\pipelines\\..\\..\\..\\ai_agents\\prompts'

During handling of the above exception, another exception occurred:

Traceback (most recent call last):
  File "D:\projects\PulseBoard\backend\ai_agents\src\pipelines\../../..\helpers\llm\call_llm.py", line 167, in _call_llm_with_config
    formatted_prompt = llm.get_prompt_template(
                       ^^^^^^^^^^^^^^^^^^^^^^^^
  File "D:\projects\PulseBoard\backend\ai_agents\src\pipelines\../../..\helpers\llm\llm_classes.py", line 83, in get_prompt_template
    user_tmpl = self.jinja_env.get_template(user_template)
                ^^^^^^^^^^^^^^^^^^^^^^^^^^^^^^^^^^^^^^^^^^
  File "C:\Users\AKHILESH\AppData\Local\Programs\Python\Python312\Lib\site-packages\jinja2\environment.py", line 1016, in get_template
    return self._load_template(name, globals)
           ^^^^^^^^^^^^^^^^^^^^^^^^^^^^^^^^^^
  File "C:\Users\AKHILESH\AppData\Local\Programs\Python\Python312\Lib\site-packages\jinja2\environment.py", line 975, in _load_template
    template = self.loader.load(self, name, self.make_globals(globals))
               ^^^^^^^^^^^^^^^^^^^^^^^^^^^^^^^^^^^^^^^^^^^^^^^^^^^^^^^^
  File "C:\Users\AKHILESH\AppData\Local\Programs\Python\Python312\Lib\site-packages\jinja2\loaders.py", line 126, in load
    source, filename, uptodate = self.get_source(environment, name)
                                 ^^^^^^^^^^^^^^^^^^^^^^^^^^^^^^^^^^
  File "C:\Users\AKHILESH\AppData\Local\Programs\Python\Python312\Lib\site-packages\jinja2\loaders.py", line 209, in get_source
    raise TemplateNotFound(
jinja2.exceptions.TemplateNotFound: 'data_analysis_prompt.jinja' not found in search path: 'D:\\projects\\PulseBoard\\backend\\ai_agents\\src\\pipelines\\..\\..\\..\\ai_agents\\prompts'
2025-10-09 20:46:17 - ERROR - [call_llm.py:94 - call_llm()] - ❌ Both primary and fallback LLMs failed (took 0.6199 seconds)
2025-10-09 20:46:17 - ERROR - [call_llm.py:97 - call_llm()] - Primary error: 'data_analysis_prompt.jinja' not found in search path: 'D:\\projects\\PulseBoard\\backend\\ai_agents\\src\\pipelines\\..\\..\\..\\ai_agents\\prompts'
2025-10-09 20:46:17 - ERROR - [call_llm.py:98 - call_llm()] - Fallback error: 'data_analysis_prompt.jinja' not found in search path: 'D:\\projects\\PulseBoard\\backend\\ai_agents\\src\\pipelines\\..\\..\\..\\ai_agents\\prompts'
2025-10-09 20:46:52 - INFO - [call_llm.py:51 - call_llm()] - Attempting primary LLM call...
2025-10-09 20:46:52 - ERROR - [call_llm.py:194 - _call_llm_with_config()] - Error in _call_llm_with_config: 'data_analysis_prompt.jinja' not found in search path: 'D:\\projects\\PulseBoard\\backend\\ai_agents\\src\\pipelines\\..\\..\\..\\ai_agents\\prompts' (took 0.0010 seconds)
Traceback (most recent call last):
  File "D:\projects\PulseBoard\backend\ai_agents\src\pipelines\../../..\helpers\llm\call_llm.py", line 167, in _call_llm_with_config
    formatted_prompt = llm.get_prompt_template(
                       ^^^^^^^^^^^^^^^^^^^^^^^^
  File "D:\projects\PulseBoard\backend\ai_agents\src\pipelines\../../..\helpers\llm\llm_classes.py", line 83, in get_prompt_template
    user_tmpl = self.jinja_env.get_template(user_template)
                ^^^^^^^^^^^^^^^^^^^^^^^^^^^^^^^^^^^^^^^^^^
  File "C:\Users\AKHILESH\AppData\Local\Programs\Python\Python312\Lib\site-packages\jinja2\environment.py", line 1016, in get_template
    return self._load_template(name, globals)
           ^^^^^^^^^^^^^^^^^^^^^^^^^^^^^^^^^^
  File "C:\Users\AKHILESH\AppData\Local\Programs\Python\Python312\Lib\site-packages\jinja2\environment.py", line 975, in _load_template
    template = self.loader.load(self, name, self.make_globals(globals))
               ^^^^^^^^^^^^^^^^^^^^^^^^^^^^^^^^^^^^^^^^^^^^^^^^^^^^^^^^
  File "C:\Users\AKHILESH\AppData\Local\Programs\Python\Python312\Lib\site-packages\jinja2\loaders.py", line 126, in load
    source, filename, uptodate = self.get_source(environment, name)
                                 ^^^^^^^^^^^^^^^^^^^^^^^^^^^^^^^^^^
  File "C:\Users\AKHILESH\AppData\Local\Programs\Python\Python312\Lib\site-packages\jinja2\loaders.py", line 209, in get_source
    raise TemplateNotFound(
jinja2.exceptions.TemplateNotFound: 'data_analysis_prompt.jinja' not found in search path: 'D:\\projects\\PulseBoard\\backend\\ai_agents\\src\\pipelines\\..\\..\\..\\ai_agents\\prompts'
2025-10-09 20:46:52 - WARNING - [call_llm.py:68 - call_llm()] - ❌ Primary LLM failed: 'data_analysis_prompt.jinja' not found in search path: 'D:\\projects\\PulseBoard\\backend\\ai_agents\\src\\pipelines\\..\\..\\..\\ai_agents\\prompts'
2025-10-09 20:46:52 - INFO - [call_llm.py:76 - call_llm()] - Attempting fallback LLM call...
2025-10-09 20:46:53 - ERROR - [call_llm.py:194 - _call_llm_with_config()] - Error in _call_llm_with_config: 'data_analysis_prompt.jinja' not found in search path: 'D:\\projects\\PulseBoard\\backend\\ai_agents\\src\\pipelines\\..\\..\\..\\ai_agents\\prompts' (took 0.4931 seconds)
Traceback (most recent call last):
  File "D:\projects\PulseBoard\backend\ai_agents\src\pipelines\../../..\helpers\llm\call_llm.py", line 52, in call_llm
    response = _call_llm_with_config(
               ^^^^^^^^^^^^^^^^^^^^^^
  File "D:\projects\PulseBoard\backend\ai_agents\src\pipelines\../../..\helpers\llm\call_llm.py", line 167, in _call_llm_with_config
    formatted_prompt = llm.get_prompt_template(
                       ^^^^^^^^^^^^^^^^^^^^^^^^
  File "D:\projects\PulseBoard\backend\ai_agents\src\pipelines\../../..\helpers\llm\llm_classes.py", line 83, in get_prompt_template
    user_tmpl = self.jinja_env.get_template(user_template)
                ^^^^^^^^^^^^^^^^^^^^^^^^^^^^^^^^^^^^^^^^^^
  File "C:\Users\AKHILESH\AppData\Local\Programs\Python\Python312\Lib\site-packages\jinja2\environment.py", line 1016, in get_template
    return self._load_template(name, globals)
           ^^^^^^^^^^^^^^^^^^^^^^^^^^^^^^^^^^
  File "C:\Users\AKHILESH\AppData\Local\Programs\Python\Python312\Lib\site-packages\jinja2\environment.py", line 975, in _load_template
    template = self.loader.load(self, name, self.make_globals(globals))
               ^^^^^^^^^^^^^^^^^^^^^^^^^^^^^^^^^^^^^^^^^^^^^^^^^^^^^^^^
  File "C:\Users\AKHILESH\AppData\Local\Programs\Python\Python312\Lib\site-packages\jinja2\loaders.py", line 126, in load
    source, filename, uptodate = self.get_source(environment, name)
                                 ^^^^^^^^^^^^^^^^^^^^^^^^^^^^^^^^^^
  File "C:\Users\AKHILESH\AppData\Local\Programs\Python\Python312\Lib\site-packages\jinja2\loaders.py", line 209, in get_source
    raise TemplateNotFound(
jinja2.exceptions.TemplateNotFound: 'data_analysis_prompt.jinja' not found in search path: 'D:\\projects\\PulseBoard\\backend\\ai_agents\\src\\pipelines\\..\\..\\..\\ai_agents\\prompts'

During handling of the above exception, another exception occurred:

Traceback (most recent call last):
  File "D:\projects\PulseBoard\backend\ai_agents\src\pipelines\../../..\helpers\llm\call_llm.py", line 167, in _call_llm_with_config
    formatted_prompt = llm.get_prompt_template(
                       ^^^^^^^^^^^^^^^^^^^^^^^^
  File "D:\projects\PulseBoard\backend\ai_agents\src\pipelines\../../..\helpers\llm\llm_classes.py", line 83, in get_prompt_template
    user_tmpl = self.jinja_env.get_template(user_template)
                ^^^^^^^^^^^^^^^^^^^^^^^^^^^^^^^^^^^^^^^^^^
  File "C:\Users\AKHILESH\AppData\Local\Programs\Python\Python312\Lib\site-packages\jinja2\environment.py", line 1016, in get_template
    return self._load_template(name, globals)
           ^^^^^^^^^^^^^^^^^^^^^^^^^^^^^^^^^^
  File "C:\Users\AKHILESH\AppData\Local\Programs\Python\Python312\Lib\site-packages\jinja2\environment.py", line 975, in _load_template
    template = self.loader.load(self, name, self.make_globals(globals))
               ^^^^^^^^^^^^^^^^^^^^^^^^^^^^^^^^^^^^^^^^^^^^^^^^^^^^^^^^
  File "C:\Users\AKHILESH\AppData\Local\Programs\Python\Python312\Lib\site-packages\jinja2\loaders.py", line 126, in load
    source, filename, uptodate = self.get_source(environment, name)
                                 ^^^^^^^^^^^^^^^^^^^^^^^^^^^^^^^^^^
  File "C:\Users\AKHILESH\AppData\Local\Programs\Python\Python312\Lib\site-packages\jinja2\loaders.py", line 209, in get_source
    raise TemplateNotFound(
jinja2.exceptions.TemplateNotFound: 'data_analysis_prompt.jinja' not found in search path: 'D:\\projects\\PulseBoard\\backend\\ai_agents\\src\\pipelines\\..\\..\\..\\ai_agents\\prompts'
2025-10-09 20:46:53 - ERROR - [call_llm.py:94 - call_llm()] - ❌ Both primary and fallback LLMs failed (took 0.5100 seconds)
2025-10-09 20:46:53 - ERROR - [call_llm.py:97 - call_llm()] - Primary error: 'data_analysis_prompt.jinja' not found in search path: 'D:\\projects\\PulseBoard\\backend\\ai_agents\\src\\pipelines\\..\\..\\..\\ai_agents\\prompts'
2025-10-09 20:46:53 - ERROR - [call_llm.py:98 - call_llm()] - Fallback error: 'data_analysis_prompt.jinja' not found in search path: 'D:\\projects\\PulseBoard\\backend\\ai_agents\\src\\pipelines\\..\\..\\..\\ai_agents\\prompts'
2025-10-09 20:50:06 - INFO - [call_llm.py:51 - call_llm()] - Attempting primary LLM call...
2025-10-09 20:50:06 - ERROR - [call_llm.py:194 - _call_llm_with_config()] - Error in _call_llm_with_config: 'data_analysis_prompt.jinja' not found in search path: 'D:\\projects\\PulseBoard\\backend\\ai_agents\\src\\pipelines\\..\\..\\..\\ai_agents\\prompts' (took 0.0010 seconds)
Traceback (most recent call last):
  File "D:\projects\PulseBoard\backend\ai_agents\src\pipelines\../../..\helpers\llm\call_llm.py", line 167, in _call_llm_with_config
    formatted_prompt = llm.get_prompt_template(
                       ^^^^^^^^^^^^^^^^^^^^^^^^
  File "D:\projects\PulseBoard\backend\ai_agents\src\pipelines\../../..\helpers\llm\llm_classes.py", line 83, in get_prompt_template
    user_tmpl = self.jinja_env.get_template(user_template)
                ^^^^^^^^^^^^^^^^^^^^^^^^^^^^^^^^^^^^^^^^^^
  File "C:\Users\AKHILESH\AppData\Local\Programs\Python\Python312\Lib\site-packages\jinja2\environment.py", line 1016, in get_template
    return self._load_template(name, globals)
           ^^^^^^^^^^^^^^^^^^^^^^^^^^^^^^^^^^
  File "C:\Users\AKHILESH\AppData\Local\Programs\Python\Python312\Lib\site-packages\jinja2\environment.py", line 975, in _load_template
    template = self.loader.load(self, name, self.make_globals(globals))
               ^^^^^^^^^^^^^^^^^^^^^^^^^^^^^^^^^^^^^^^^^^^^^^^^^^^^^^^^
  File "C:\Users\AKHILESH\AppData\Local\Programs\Python\Python312\Lib\site-packages\jinja2\loaders.py", line 126, in load
    source, filename, uptodate = self.get_source(environment, name)
                                 ^^^^^^^^^^^^^^^^^^^^^^^^^^^^^^^^^^
  File "C:\Users\AKHILESH\AppData\Local\Programs\Python\Python312\Lib\site-packages\jinja2\loaders.py", line 209, in get_source
    raise TemplateNotFound(
jinja2.exceptions.TemplateNotFound: 'data_analysis_prompt.jinja' not found in search path: 'D:\\projects\\PulseBoard\\backend\\ai_agents\\src\\pipelines\\..\\..\\..\\ai_agents\\prompts'
2025-10-09 20:50:06 - WARNING - [call_llm.py:68 - call_llm()] - ❌ Primary LLM failed: 'data_analysis_prompt.jinja' not found in search path: 'D:\\projects\\PulseBoard\\backend\\ai_agents\\src\\pipelines\\..\\..\\..\\ai_agents\\prompts'
2025-10-09 20:50:06 - INFO - [call_llm.py:76 - call_llm()] - Attempting fallback LLM call...
2025-10-09 20:50:06 - ERROR - [call_llm.py:194 - _call_llm_with_config()] - Error in _call_llm_with_config: 'data_analysis_prompt.jinja' not found in search path: 'D:\\projects\\PulseBoard\\backend\\ai_agents\\src\\pipelines\\..\\..\\..\\ai_agents\\prompts' (took 0.4469 seconds)
Traceback (most recent call last):
  File "D:\projects\PulseBoard\backend\ai_agents\src\pipelines\../../..\helpers\llm\call_llm.py", line 52, in call_llm
    response = _call_llm_with_config(
               ^^^^^^^^^^^^^^^^^^^^^^
  File "D:\projects\PulseBoard\backend\ai_agents\src\pipelines\../../..\helpers\llm\call_llm.py", line 167, in _call_llm_with_config
    formatted_prompt = llm.get_prompt_template(
                       ^^^^^^^^^^^^^^^^^^^^^^^^
  File "D:\projects\PulseBoard\backend\ai_agents\src\pipelines\../../..\helpers\llm\llm_classes.py", line 83, in get_prompt_template
    user_tmpl = self.jinja_env.get_template(user_template)
                ^^^^^^^^^^^^^^^^^^^^^^^^^^^^^^^^^^^^^^^^^^
  File "C:\Users\AKHILESH\AppData\Local\Programs\Python\Python312\Lib\site-packages\jinja2\environment.py", line 1016, in get_template
    return self._load_template(name, globals)
           ^^^^^^^^^^^^^^^^^^^^^^^^^^^^^^^^^^
  File "C:\Users\AKHILESH\AppData\Local\Programs\Python\Python312\Lib\site-packages\jinja2\environment.py", line 975, in _load_template
    template = self.loader.load(self, name, self.make_globals(globals))
               ^^^^^^^^^^^^^^^^^^^^^^^^^^^^^^^^^^^^^^^^^^^^^^^^^^^^^^^^
  File "C:\Users\AKHILESH\AppData\Local\Programs\Python\Python312\Lib\site-packages\jinja2\loaders.py", line 126, in load
    source, filename, uptodate = self.get_source(environment, name)
                                 ^^^^^^^^^^^^^^^^^^^^^^^^^^^^^^^^^^
  File "C:\Users\AKHILESH\AppData\Local\Programs\Python\Python312\Lib\site-packages\jinja2\loaders.py", line 209, in get_source
    raise TemplateNotFound(
jinja2.exceptions.TemplateNotFound: 'data_analysis_prompt.jinja' not found in search path: 'D:\\projects\\PulseBoard\\backend\\ai_agents\\src\\pipelines\\..\\..\\..\\ai_agents\\prompts'

During handling of the above exception, another exception occurred:

Traceback (most recent call last):
  File "D:\projects\PulseBoard\backend\ai_agents\src\pipelines\../../..\helpers\llm\call_llm.py", line 167, in _call_llm_with_config
    formatted_prompt = llm.get_prompt_template(
                       ^^^^^^^^^^^^^^^^^^^^^^^^
  File "D:\projects\PulseBoard\backend\ai_agents\src\pipelines\../../..\helpers\llm\llm_classes.py", line 83, in get_prompt_template
    user_tmpl = self.jinja_env.get_template(user_template)
                ^^^^^^^^^^^^^^^^^^^^^^^^^^^^^^^^^^^^^^^^^^
  File "C:\Users\AKHILESH\AppData\Local\Programs\Python\Python312\Lib\site-packages\jinja2\environment.py", line 1016, in get_template
    return self._load_template(name, globals)
           ^^^^^^^^^^^^^^^^^^^^^^^^^^^^^^^^^^
  File "C:\Users\AKHILESH\AppData\Local\Programs\Python\Python312\Lib\site-packages\jinja2\environment.py", line 975, in _load_template
    template = self.loader.load(self, name, self.make_globals(globals))
               ^^^^^^^^^^^^^^^^^^^^^^^^^^^^^^^^^^^^^^^^^^^^^^^^^^^^^^^^
  File "C:\Users\AKHILESH\AppData\Local\Programs\Python\Python312\Lib\site-packages\jinja2\loaders.py", line 126, in load
    source, filename, uptodate = self.get_source(environment, name)
                                 ^^^^^^^^^^^^^^^^^^^^^^^^^^^^^^^^^^
  File "C:\Users\AKHILESH\AppData\Local\Programs\Python\Python312\Lib\site-packages\jinja2\loaders.py", line 209, in get_source
    raise TemplateNotFound(
jinja2.exceptions.TemplateNotFound: 'data_analysis_prompt.jinja' not found in search path: 'D:\\projects\\PulseBoard\\backend\\ai_agents\\src\\pipelines\\..\\..\\..\\ai_agents\\prompts'
2025-10-09 20:50:06 - ERROR - [call_llm.py:94 - call_llm()] - ❌ Both primary and fallback LLMs failed (took 0.4510 seconds)
2025-10-09 20:50:06 - ERROR - [call_llm.py:97 - call_llm()] - Primary error: 'data_analysis_prompt.jinja' not found in search path: 'D:\\projects\\PulseBoard\\backend\\ai_agents\\src\\pipelines\\..\\..\\..\\ai_agents\\prompts'
2025-10-09 20:50:06 - ERROR - [call_llm.py:98 - call_llm()] - Fallback error: 'data_analysis_prompt.jinja' not found in search path: 'D:\\projects\\PulseBoard\\backend\\ai_agents\\src\\pipelines\\..\\..\\..\\ai_agents\\prompts'
2025-10-09 20:55:31 - INFO - [call_llm.py:51 - call_llm()] - Attempting primary LLM call...
2025-10-09 20:55:31 - ERROR - [call_llm.py:194 - _call_llm_with_config()] - Error in _call_llm_with_config: D:\projects\PulseBoard\backend\ai_agents\src\prompts\data_analysis_prompt.jinja (took 0.0012 seconds)
Traceback (most recent call last):
  File "D:\projects\PulseBoard\backend\ai_agents\src\pipelines\../../..\helpers\llm\call_llm.py", line 167, in _call_llm_with_config
    formatted_prompt = llm.get_prompt_template(
                       ^^^^^^^^^^^^^^^^^^^^^^^^
  File "D:\projects\PulseBoard\backend\ai_agents\src\pipelines\../../..\helpers\llm\llm_classes.py", line 83, in get_prompt_template
    user_tmpl = self.jinja_env.get_template(user_template)
                ^^^^^^^^^^^^^^^^^^^^^^^^^^^^^^^^^^^^^^^^^^
  File "C:\Users\AKHILESH\AppData\Local\Programs\Python\Python312\Lib\site-packages\jinja2\environment.py", line 1016, in get_template
    return self._load_template(name, globals)
           ^^^^^^^^^^^^^^^^^^^^^^^^^^^^^^^^^^
  File "C:\Users\AKHILESH\AppData\Local\Programs\Python\Python312\Lib\site-packages\jinja2\environment.py", line 975, in _load_template
    template = self.loader.load(self, name, self.make_globals(globals))
               ^^^^^^^^^^^^^^^^^^^^^^^^^^^^^^^^^^^^^^^^^^^^^^^^^^^^^^^^
  File "C:\Users\AKHILESH\AppData\Local\Programs\Python\Python312\Lib\site-packages\jinja2\loaders.py", line 126, in load
    source, filename, uptodate = self.get_source(environment, name)
                                 ^^^^^^^^^^^^^^^^^^^^^^^^^^^^^^^^^^
  File "C:\Users\AKHILESH\AppData\Local\Programs\Python\Python312\Lib\site-packages\jinja2\loaders.py", line 197, in get_source
    pieces = split_template_path(template)
             ^^^^^^^^^^^^^^^^^^^^^^^^^^^^^
  File "C:\Users\AKHILESH\AppData\Local\Programs\Python\Python312\Lib\site-packages\jinja2\loaders.py", line 36, in split_template_path
    raise TemplateNotFound(template)
jinja2.exceptions.TemplateNotFound: D:\projects\PulseBoard\backend\ai_agents\src\prompts\data_analysis_prompt.jinja
2025-10-09 20:55:31 - WARNING - [call_llm.py:68 - call_llm()] - ❌ Primary LLM failed: D:\projects\PulseBoard\backend\ai_agents\src\prompts\data_analysis_prompt.jinja
2025-10-09 20:55:31 - INFO - [call_llm.py:76 - call_llm()] - Attempting fallback LLM call...
2025-10-09 20:55:32 - ERROR - [call_llm.py:194 - _call_llm_with_config()] - Error in _call_llm_with_config: D:\projects\PulseBoard\backend\ai_agents\src\prompts\data_analysis_prompt.jinja (took 0.4879 seconds)
Traceback (most recent call last):
  File "D:\projects\PulseBoard\backend\ai_agents\src\pipelines\../../..\helpers\llm\call_llm.py", line 52, in call_llm
    response = _call_llm_with_config(
               ^^^^^^^^^^^^^^^^^^^^^^
  File "D:\projects\PulseBoard\backend\ai_agents\src\pipelines\../../..\helpers\llm\call_llm.py", line 167, in _call_llm_with_config
    formatted_prompt = llm.get_prompt_template(
                       ^^^^^^^^^^^^^^^^^^^^^^^^
  File "D:\projects\PulseBoard\backend\ai_agents\src\pipelines\../../..\helpers\llm\llm_classes.py", line 83, in get_prompt_template
    user_tmpl = self.jinja_env.get_template(user_template)
                ^^^^^^^^^^^^^^^^^^^^^^^^^^^^^^^^^^^^^^^^^^
  File "C:\Users\AKHILESH\AppData\Local\Programs\Python\Python312\Lib\site-packages\jinja2\environment.py", line 1016, in get_template
    return self._load_template(name, globals)
           ^^^^^^^^^^^^^^^^^^^^^^^^^^^^^^^^^^
  File "C:\Users\AKHILESH\AppData\Local\Programs\Python\Python312\Lib\site-packages\jinja2\environment.py", line 975, in _load_template
    template = self.loader.load(self, name, self.make_globals(globals))
               ^^^^^^^^^^^^^^^^^^^^^^^^^^^^^^^^^^^^^^^^^^^^^^^^^^^^^^^^
  File "C:\Users\AKHILESH\AppData\Local\Programs\Python\Python312\Lib\site-packages\jinja2\loaders.py", line 126, in load
    source, filename, uptodate = self.get_source(environment, name)
                                 ^^^^^^^^^^^^^^^^^^^^^^^^^^^^^^^^^^
  File "C:\Users\AKHILESH\AppData\Local\Programs\Python\Python312\Lib\site-packages\jinja2\loaders.py", line 197, in get_source
    pieces = split_template_path(template)
             ^^^^^^^^^^^^^^^^^^^^^^^^^^^^^
  File "C:\Users\AKHILESH\AppData\Local\Programs\Python\Python312\Lib\site-packages\jinja2\loaders.py", line 36, in split_template_path
    raise TemplateNotFound(template)
jinja2.exceptions.TemplateNotFound: D:\projects\PulseBoard\backend\ai_agents\src\prompts\data_analysis_prompt.jinja

During handling of the above exception, another exception occurred:

Traceback (most recent call last):
  File "D:\projects\PulseBoard\backend\ai_agents\src\pipelines\../../..\helpers\llm\call_llm.py", line 167, in _call_llm_with_config
    formatted_prompt = llm.get_prompt_template(
                       ^^^^^^^^^^^^^^^^^^^^^^^^
  File "D:\projects\PulseBoard\backend\ai_agents\src\pipelines\../../..\helpers\llm\llm_classes.py", line 83, in get_prompt_template
    user_tmpl = self.jinja_env.get_template(user_template)
                ^^^^^^^^^^^^^^^^^^^^^^^^^^^^^^^^^^^^^^^^^^
  File "C:\Users\AKHILESH\AppData\Local\Programs\Python\Python312\Lib\site-packages\jinja2\environment.py", line 1016, in get_template
    return self._load_template(name, globals)
           ^^^^^^^^^^^^^^^^^^^^^^^^^^^^^^^^^^
  File "C:\Users\AKHILESH\AppData\Local\Programs\Python\Python312\Lib\site-packages\jinja2\environment.py", line 975, in _load_template
    template = self.loader.load(self, name, self.make_globals(globals))
               ^^^^^^^^^^^^^^^^^^^^^^^^^^^^^^^^^^^^^^^^^^^^^^^^^^^^^^^^
  File "C:\Users\AKHILESH\AppData\Local\Programs\Python\Python312\Lib\site-packages\jinja2\loaders.py", line 126, in load
    source, filename, uptodate = self.get_source(environment, name)
                                 ^^^^^^^^^^^^^^^^^^^^^^^^^^^^^^^^^^
  File "C:\Users\AKHILESH\AppData\Local\Programs\Python\Python312\Lib\site-packages\jinja2\loaders.py", line 197, in get_source
    pieces = split_template_path(template)
             ^^^^^^^^^^^^^^^^^^^^^^^^^^^^^
  File "C:\Users\AKHILESH\AppData\Local\Programs\Python\Python312\Lib\site-packages\jinja2\loaders.py", line 36, in split_template_path
    raise TemplateNotFound(template)
jinja2.exceptions.TemplateNotFound: D:\projects\PulseBoard\backend\ai_agents\src\prompts\data_analysis_prompt.jinja
2025-10-09 20:55:32 - ERROR - [call_llm.py:94 - call_llm()] - ❌ Both primary and fallback LLMs failed (took 0.4930 seconds)
2025-10-09 20:55:32 - ERROR - [call_llm.py:97 - call_llm()] - Primary error: D:\projects\PulseBoard\backend\ai_agents\src\prompts\data_analysis_prompt.jinja
2025-10-09 20:55:32 - ERROR - [call_llm.py:98 - call_llm()] - Fallback error: D:\projects\PulseBoard\backend\ai_agents\src\prompts\data_analysis_prompt.jinja
2025-10-09 20:57:11 - INFO - [call_llm.py:51 - call_llm()] - Attempting primary LLM call...
2025-10-09 20:57:11 - ERROR - [call_llm.py:194 - _call_llm_with_config()] - Error in _call_llm_with_config: D:\projects\PulseBoard\backend\ai_agents\src\prompts\data_analysis_prompt.jinja (took 0.0015 seconds)
Traceback (most recent call last):
  File "D:\projects\PulseBoard\backend\ai_agents\src\pipelines\../../..\helpers\llm\call_llm.py", line 167, in _call_llm_with_config
    formatted_prompt = llm.get_prompt_template(
                       ^^^^^^^^^^^^^^^^^^^^^^^^
  File "D:\projects\PulseBoard\backend\ai_agents\src\pipelines\../../..\helpers\llm\llm_classes.py", line 83, in get_prompt_template
    user_tmpl = self.jinja_env.get_template(user_template)
                ^^^^^^^^^^^^^^^^^^^^^^^^^^^^^^^^^^^^^^^^^^
  File "C:\Users\AKHILESH\AppData\Local\Programs\Python\Python312\Lib\site-packages\jinja2\environment.py", line 1016, in get_template
    return self._load_template(name, globals)
           ^^^^^^^^^^^^^^^^^^^^^^^^^^^^^^^^^^
  File "C:\Users\AKHILESH\AppData\Local\Programs\Python\Python312\Lib\site-packages\jinja2\environment.py", line 975, in _load_template
    template = self.loader.load(self, name, self.make_globals(globals))
               ^^^^^^^^^^^^^^^^^^^^^^^^^^^^^^^^^^^^^^^^^^^^^^^^^^^^^^^^
  File "C:\Users\AKHILESH\AppData\Local\Programs\Python\Python312\Lib\site-packages\jinja2\loaders.py", line 126, in load
    source, filename, uptodate = self.get_source(environment, name)
                                 ^^^^^^^^^^^^^^^^^^^^^^^^^^^^^^^^^^
  File "C:\Users\AKHILESH\AppData\Local\Programs\Python\Python312\Lib\site-packages\jinja2\loaders.py", line 197, in get_source
    pieces = split_template_path(template)
             ^^^^^^^^^^^^^^^^^^^^^^^^^^^^^
  File "C:\Users\AKHILESH\AppData\Local\Programs\Python\Python312\Lib\site-packages\jinja2\loaders.py", line 36, in split_template_path
    raise TemplateNotFound(template)
jinja2.exceptions.TemplateNotFound: D:\projects\PulseBoard\backend\ai_agents\src\prompts\data_analysis_prompt.jinja
2025-10-09 20:57:11 - WARNING - [call_llm.py:68 - call_llm()] - ❌ Primary LLM failed: D:\projects\PulseBoard\backend\ai_agents\src\prompts\data_analysis_prompt.jinja
2025-10-09 20:57:11 - INFO - [call_llm.py:76 - call_llm()] - Attempting fallback LLM call...
2025-10-09 20:57:12 - ERROR - [call_llm.py:194 - _call_llm_with_config()] - Error in _call_llm_with_config: D:\projects\PulseBoard\backend\ai_agents\src\prompts\data_analysis_prompt.jinja (took 0.4659 seconds)
Traceback (most recent call last):
  File "D:\projects\PulseBoard\backend\ai_agents\src\pipelines\../../..\helpers\llm\call_llm.py", line 52, in call_llm
    response = _call_llm_with_config(
               ^^^^^^^^^^^^^^^^^^^^^^
  File "D:\projects\PulseBoard\backend\ai_agents\src\pipelines\../../..\helpers\llm\call_llm.py", line 167, in _call_llm_with_config
    formatted_prompt = llm.get_prompt_template(
                       ^^^^^^^^^^^^^^^^^^^^^^^^
  File "D:\projects\PulseBoard\backend\ai_agents\src\pipelines\../../..\helpers\llm\llm_classes.py", line 83, in get_prompt_template
    user_tmpl = self.jinja_env.get_template(user_template)
                ^^^^^^^^^^^^^^^^^^^^^^^^^^^^^^^^^^^^^^^^^^
  File "C:\Users\AKHILESH\AppData\Local\Programs\Python\Python312\Lib\site-packages\jinja2\environment.py", line 1016, in get_template
    return self._load_template(name, globals)
           ^^^^^^^^^^^^^^^^^^^^^^^^^^^^^^^^^^
  File "C:\Users\AKHILESH\AppData\Local\Programs\Python\Python312\Lib\site-packages\jinja2\environment.py", line 975, in _load_template
    template = self.loader.load(self, name, self.make_globals(globals))
               ^^^^^^^^^^^^^^^^^^^^^^^^^^^^^^^^^^^^^^^^^^^^^^^^^^^^^^^^
  File "C:\Users\AKHILESH\AppData\Local\Programs\Python\Python312\Lib\site-packages\jinja2\loaders.py", line 126, in load
    source, filename, uptodate = self.get_source(environment, name)
                                 ^^^^^^^^^^^^^^^^^^^^^^^^^^^^^^^^^^
  File "C:\Users\AKHILESH\AppData\Local\Programs\Python\Python312\Lib\site-packages\jinja2\loaders.py", line 197, in get_source
    pieces = split_template_path(template)
             ^^^^^^^^^^^^^^^^^^^^^^^^^^^^^
  File "C:\Users\AKHILESH\AppData\Local\Programs\Python\Python312\Lib\site-packages\jinja2\loaders.py", line 36, in split_template_path
    raise TemplateNotFound(template)
jinja2.exceptions.TemplateNotFound: D:\projects\PulseBoard\backend\ai_agents\src\prompts\data_analysis_prompt.jinja

During handling of the above exception, another exception occurred:

Traceback (most recent call last):
  File "D:\projects\PulseBoard\backend\ai_agents\src\pipelines\../../..\helpers\llm\call_llm.py", line 167, in _call_llm_with_config
    formatted_prompt = llm.get_prompt_template(
                       ^^^^^^^^^^^^^^^^^^^^^^^^
  File "D:\projects\PulseBoard\backend\ai_agents\src\pipelines\../../..\helpers\llm\llm_classes.py", line 83, in get_prompt_template
    user_tmpl = self.jinja_env.get_template(user_template)
                ^^^^^^^^^^^^^^^^^^^^^^^^^^^^^^^^^^^^^^^^^^
  File "C:\Users\AKHILESH\AppData\Local\Programs\Python\Python312\Lib\site-packages\jinja2\environment.py", line 1016, in get_template
    return self._load_template(name, globals)
           ^^^^^^^^^^^^^^^^^^^^^^^^^^^^^^^^^^
  File "C:\Users\AKHILESH\AppData\Local\Programs\Python\Python312\Lib\site-packages\jinja2\environment.py", line 975, in _load_template
    template = self.loader.load(self, name, self.make_globals(globals))
               ^^^^^^^^^^^^^^^^^^^^^^^^^^^^^^^^^^^^^^^^^^^^^^^^^^^^^^^^
  File "C:\Users\AKHILESH\AppData\Local\Programs\Python\Python312\Lib\site-packages\jinja2\loaders.py", line 126, in load
    source, filename, uptodate = self.get_source(environment, name)
                                 ^^^^^^^^^^^^^^^^^^^^^^^^^^^^^^^^^^
  File "C:\Users\AKHILESH\AppData\Local\Programs\Python\Python312\Lib\site-packages\jinja2\loaders.py", line 197, in get_source
    pieces = split_template_path(template)
             ^^^^^^^^^^^^^^^^^^^^^^^^^^^^^
  File "C:\Users\AKHILESH\AppData\Local\Programs\Python\Python312\Lib\site-packages\jinja2\loaders.py", line 36, in split_template_path
    raise TemplateNotFound(template)
jinja2.exceptions.TemplateNotFound: D:\projects\PulseBoard\backend\ai_agents\src\prompts\data_analysis_prompt.jinja
2025-10-09 20:57:12 - ERROR - [call_llm.py:94 - call_llm()] - ❌ Both primary and fallback LLMs failed (took 0.4711 seconds)
2025-10-09 20:57:12 - ERROR - [call_llm.py:97 - call_llm()] - Primary error: D:\projects\PulseBoard\backend\ai_agents\src\prompts\data_analysis_prompt.jinja
2025-10-09 20:57:12 - ERROR - [call_llm.py:98 - call_llm()] - Fallback error: D:\projects\PulseBoard\backend\ai_agents\src\prompts\data_analysis_prompt.jinja
2025-10-09 20:59:30 - INFO - [call_llm.py:51 - call_llm()] - Attempting primary LLM call...
2025-10-09 21:01:37 - INFO - [call_llm.py:51 - call_llm()] - Attempting primary LLM call...
2025-10-09 21:11:36 - ERROR - [call_llm.py:194 - _call_llm_with_config()] - Error in _call_llm_with_config: Timeout of 600.0s exceeded, last exception: 503 The model is overloaded. Please try again later. (took 599.0589 seconds)
Traceback (most recent call last):
  File "C:\Users\AKHILESH\AppData\Local\Programs\Python\Python312\Lib\site-packages\google\api_core\grpc_helpers.py", line 76, in error_remapped_callable
    return callable_(*args, **kwargs)
           ^^^^^^^^^^^^^^^^^^^^^^^^^^
  File "C:\Users\AKHILESH\AppData\Local\Programs\Python\Python312\Lib\site-packages\grpc\_interceptor.py", line 277, in __call__
    response, ignored_call = self._with_call(
                             ^^^^^^^^^^^^^^^^
  File "C:\Users\AKHILESH\AppData\Local\Programs\Python\Python312\Lib\site-packages\grpc\_interceptor.py", line 332, in _with_call
    return call.result(), call
           ^^^^^^^^^^^^^
  File "C:\Users\AKHILESH\AppData\Local\Programs\Python\Python312\Lib\site-packages\grpc\_channel.py", line 440, in result
    raise self
  File "C:\Users\AKHILESH\AppData\Local\Programs\Python\Python312\Lib\site-packages\grpc\_interceptor.py", line 315, in continuation
    response, call = self._thunk(new_method).with_call(
                     ^^^^^^^^^^^^^^^^^^^^^^^^^^^^^^^^^^
  File "C:\Users\AKHILESH\AppData\Local\Programs\Python\Python312\Lib\site-packages\grpc\_channel.py", line 1198, in with_call
    return _end_unary_response_blocking(state, call, True, None)
           ^^^^^^^^^^^^^^^^^^^^^^^^^^^^^^^^^^^^^^^^^^^^^^^^^^^^^
  File "C:\Users\AKHILESH\AppData\Local\Programs\Python\Python312\Lib\site-packages\grpc\_channel.py", line 1006, in _end_unary_response_blocking
    raise _InactiveRpcError(state)  # pytype: disable=not-instantiable
    ^^^^^^^^^^^^^^^^^^^^^^^^^^^^^^
grpc._channel._InactiveRpcError: <_InactiveRpcError of RPC that terminated with:
	status = StatusCode.UNAVAILABLE
	details = "The model is overloaded. Please try again later."
	debug_error_string = "UNKNOWN:Error received from peer ipv6:%5B2404:6800:4009:812::200a%5D:443 {grpc_message:"The model is overloaded. Please try again later.", grpc_status:14, created_time:"2025-10-09T15:41:36.9250728+00:00"}"
>

The above exception was the direct cause of the following exception:

Traceback (most recent call last):
  File "C:\Users\AKHILESH\AppData\Local\Programs\Python\Python312\Lib\site-packages\google\api_core\retry\retry_unary.py", line 144, in retry_target
    result = target()
             ^^^^^^^^
  File "C:\Users\AKHILESH\AppData\Local\Programs\Python\Python312\Lib\site-packages\google\api_core\timeout.py", line 130, in func_with_timeout
    return func(*args, **kwargs)
           ^^^^^^^^^^^^^^^^^^^^^
  File "C:\Users\AKHILESH\AppData\Local\Programs\Python\Python312\Lib\site-packages\google\api_core\grpc_helpers.py", line 78, in error_remapped_callable
    raise exceptions.from_grpc_error(exc) from exc
google.api_core.exceptions.ServiceUnavailable: 503 The model is overloaded. Please try again later.

The above exception was the direct cause of the following exception:

Traceback (most recent call last):
  File "D:\projects\PulseBoard\backend\ai_agents\src\pipelines\../../..\helpers\llm\call_llm.py", line 184, in _call_llm_with_config
    response = llm_model.invoke(formatted_prompt)
               ^^^^^^^^^^^^^^^^^^^^^^^^^^^^^^^^^^
  File "D:\projects\PulseBoard\backend\ai_agents\src\pipelines\../../..\helpers\llm\llm_classes.py", line 142, in invoke
    response = self.model.generate_content(
               ^^^^^^^^^^^^^^^^^^^^^^^^^^^^
  File "C:\Users\AKHILESH\AppData\Local\Programs\Python\Python312\Lib\site-packages\google\generativeai\generative_models.py", line 331, in generate_content
    response = self._client.generate_content(
               ^^^^^^^^^^^^^^^^^^^^^^^^^^^^^^
  File "C:\Users\AKHILESH\AppData\Local\Programs\Python\Python312\Lib\site-packages\google\ai\generativelanguage_v1beta\services\generative_service\client.py", line 868, in generate_content
    response = rpc(
               ^^^^
  File "C:\Users\AKHILESH\AppData\Local\Programs\Python\Python312\Lib\site-packages\google\api_core\gapic_v1\method.py", line 131, in __call__
    return wrapped_func(*args, **kwargs)
           ^^^^^^^^^^^^^^^^^^^^^^^^^^^^^
  File "C:\Users\AKHILESH\AppData\Local\Programs\Python\Python312\Lib\site-packages\google\api_core\retry\retry_unary.py", line 293, in retry_wrapped_func
    return retry_target(
           ^^^^^^^^^^^^^
  File "C:\Users\AKHILESH\AppData\Local\Programs\Python\Python312\Lib\site-packages\google\api_core\retry\retry_unary.py", line 153, in retry_target
    _retry_error_helper(
  File "C:\Users\AKHILESH\AppData\Local\Programs\Python\Python312\Lib\site-packages\google\api_core\retry\retry_base.py", line 221, in _retry_error_helper
    raise final_exc from source_exc
google.api_core.exceptions.RetryError: Timeout of 600.0s exceeded, last exception: 503 The model is overloaded. Please try again later.
2025-10-09 21:11:36 - WARNING - [call_llm.py:68 - call_llm()] - ❌ Primary LLM failed: Timeout of 600.0s exceeded, last exception: 503 The model is overloaded. Please try again later.
2025-10-09 21:11:36 - INFO - [call_llm.py:76 - call_llm()] - Attempting fallback LLM call...
